Arguments: 
  C:\app\nodejs\node.exe C:\Users\Nikita\AppData\Roaming\npm\node_modules\yarn\bin\yarn.js add express cors express-qraphql graphql mongoose mongodb

PATH: 
  C:\Users\Nikita\bin;C:\Program Files\Git\mingw64\bin;C:\Program Files\Git\usr\local\bin;C:\Program Files\Git\usr\bin;C:\Program Files\Git\usr\bin;C:\Program Files\Git\mingw64\bin;C:\Program Files\Git\usr\bin;C:\Users\Nikita\bin;C:\Program Files (x86)\Common Files\Oracle\Java\javapath;C:\Program Files\Common Files\Oracle\Java\javapath;C:\Windows\system32;C:\Windows;C:\Windows\System32\Wbem;C:\Windows\System32\WindowsPowerShell\v1.0;C:\Windows\System32\OpenSSH;C:\Program Files (x86)\NVIDIA Corporation\PhysX\Common;C:\Program Files\NVIDIA Corporation\NVIDIA NvDLISR;C:\app\Dart\dart-sdk\bin;D:\app\Flutter\flutter\bin;C:\Program Files (x86)\Intel\Intel(R) Management Engine Components\DAL;C:\Program Files\Intel\Intel(R) Management Engine Components\DAL;C:\app\mingw-w64\x86_64-7.2.0-win32-seh-rt_v5-rev1\mingw64\bin;C:\Program Files\PowerShell\7-preview\preview;C:\WINDOWS\system32;C:\WINDOWS;C:\WINDOWS\System32\Wbem;C:\WINDOWS\System32\WindowsPowerShell\v1.0;C:\WINDOWS\System32\OpenSSH;C:\Program Files\PowerShell\7;D:\app\Java\bin;C:\app\nodejs;C:\Program Files\Git\cmd;C:\Program Files\Git\mingw64\bin;C:\Program Files\Git\usr\bin;D:\app\Rational\common;D:\app\PostgreSQL\14\bin;C:\Program Files\Docker\Docker\resources\bin;C:\ProgramData\DockerDesktop\version-bin;D:\app\Python\Python310\Scripts;D:\app\Python\Python310;C:\Users\Nikita\AppData\Local\Microsoft\WindowsApps;D:\Microsoft VS Code\bin;C:\Users\Nikita\.dotnet\tools;C:\Users\Nikita\AppData\Local\Microsoft\WindowsApps;D:\app\PostgreSQL\13\bin;C:\Program Files\Java\jdk-15.0.1\bin;C:\Users\Nikita\AppData\Roaming\npm;D:\app\JetBrains\IntelliJ IDEA Community Edition 2021.2.1\bin;D:\app\JetBrains\IntelliJ IDEA 2021.2.1\bin;D:\app\heroku\bin;D:\app\Go\bin;D:\app\apache-maven-3.8.5\bin;C:\Program Files\Java\jdk-15.0.1\bin;C:\Program Files\Git\usr\bin\vendor_perl;C:\Program Files\Git\usr\bin\core_perl

Yarn version: 
  1.22.18

Node version: 
  14.15.0

Platform: 
  win32 x64

Trace: 
  Error: https://registry.yarnpkg.com/express-qraphql: Not found
      at Request.params.callback [as _callback] (C:\Users\Nikita\AppData\Roaming\npm\node_modules\yarn\lib\cli.js:66138:18)
      at Request.self.callback (C:\Users\Nikita\AppData\Roaming\npm\node_modules\yarn\lib\cli.js:140883:22)
      at Request.emit (events.js:315:20)
      at Request.<anonymous> (C:\Users\Nikita\AppData\Roaming\npm\node_modules\yarn\lib\cli.js:141855:10)
      at Request.emit (events.js:315:20)
      at IncomingMessage.<anonymous> (C:\Users\Nikita\AppData\Roaming\npm\node_modules\yarn\lib\cli.js:141777:12)
      at Object.onceWrapper (events.js:421:28)
      at IncomingMessage.emit (events.js:327:22)
      at endReadableNT (_stream_readable.js:1327:12)
      at processTicksAndRejections (internal/process/task_queues.js:80:21)

npm manifest: 
  {
    "name": "server",
    "version": "1.0.0",
    "main": "index.js",
    "license": "MIT"
  }

yarn manifest: 
  No manifest

Lockfile: 
  No lockfile
